app/build/intermediates/manifest_merge_blame_file/debug/manifest-merger-blame-debug-report.txt
1<?xml version="1.0" encoding="utf-8"?>
2<manifest xmlns:android="http://schemas.android.com/apk/res/android"
3    package="com.lynx"
4    android:versionCode="1"
5    android:versionName="1.0" >
6
7    <uses-sdk
8        android:minSdkVersion="21"
8-->src/main/AndroidManifest.xml
9        android:targetSdkVersion="30" />
9-->src/main/AndroidManifest.xml
10
11    <uses-permission android:name="android.permission.INTERNET" />
11-->src/main/AndroidManifest.xml:5:5-66
11-->src/main/AndroidManifest.xml:5:22-64
12
13    <application
13-->src/main/AndroidManifest.xml:6:5-32:19
14        android:allowBackup="true"
14-->src/main/AndroidManifest.xml:7:9-35
15        android:appComponentFactory="androidx.core.app.CoreComponentFactory"
15-->[androidx.core:core:1.3.0] AndroidManifest.xml:24:18-86
16        android:debuggable="true"
17        android:icon="@mipmap/ic_launcher"
17-->src/main/AndroidManifest.xml:8:9-43
18        android:label="@string/app_name"
18-->src/main/AndroidManifest.xml:9:9-41
19        android:roundIcon="@mipmap/ic_launcher_round"
19-->src/main/AndroidManifest.xml:10:9-54
20        android:supportsRtl="true"
20-->src/main/AndroidManifest.xml:11:9-35
21        android:testOnly="true"
22        android:theme="@style/AppTheme" >
22-->src/main/AndroidManifest.xml:12:9-40
23        <activity android:name="com.lynx.uclass.statement.StatementActivity" />
23-->src/main/AndroidManifest.xml:13:9-81
23-->src/main/AndroidManifest.xml:13:19-69
24        <activity android:name="com.lynx.uclass.programming.ProgramActivity" />
24-->src/main/AndroidManifest.xml:14:9-72
24-->src/main/AndroidManifest.xml:14:19-69
25        <activity android:name="com.lynx.uclass.mutiplechoice.ChoiceActivity" />
25-->src/main/AndroidManifest.xml:15:9-73
25-->src/main/AndroidManifest.xml:15:19-70
26        <activity android:name="com.lynx.navigation.report.ReportActivity" />
26-->src/main/AndroidManifest.xml:16:9-70
26-->src/main/AndroidManifest.xml:16:19-67
27        <activity android:name="com.lynx.navigation.about.AboutActivity" />
27-->src/main/AndroidManifest.xml:17:9-68
27-->src/main/AndroidManifest.xml:17:19-65
28        <activity android:name="com.lynx.navigation.feedback.FeedbackActivity" />
28-->src/main/AndroidManifest.xml:18:9-74
28-->src/main/AndroidManifest.xml:18:19-71
29        <activity android:name="com.lynx.uclass.item.ItemActivity" />
29-->src/main/AndroidManifest.xml:19:9-62
29-->src/main/AndroidManifest.xml:19:19-59
30        <activity
30-->src/main/AndroidManifest.xml:20:9-22:63
31            android:name="com.lynx.navigation.settings.SettingsActivity"
31-->src/main/AndroidManifest.xml:21:13-65
32            android:label="@string/title_activity_settings" />
32-->src/main/AndroidManifest.xml:22:13-60
33        <activity
33-->src/main/AndroidManifest.xml:23:9-31:20
34            android:name="com.lynx.MainActivity"
34-->src/main/AndroidManifest.xml:24:13-41
35            android:label="@string/app_name"
35-->src/main/AndroidManifest.xml:25:13-45
36            android:theme="@style/AppTheme.NoActionBar" >
36-->src/main/AndroidManifest.xml:26:13-56
37            <intent-filter>
37-->src/main/AndroidManifest.xml:27:13-30:29
38                <action android:name="android.intent.action.MAIN" />
38-->src/main/AndroidManifest.xml:28:17-69
38-->src/main/AndroidManifest.xml:28:25-66
39
40                <category android:name="android.intent.category.LAUNCHER" />
40-->src/main/AndroidManifest.xml:29:17-77
40-->src/main/AndroidManifest.xml:29:27-74
41            </intent-filter>
42        </activity>
43
44        <provider
44-->[androidx.lifecycle:lifecycle-process:2.2.0] AndroidManifest.xml:25:9-29:43
45            android:name="androidx.lifecycle.ProcessLifecycleOwnerInitializer"
45-->[androidx.lifecycle:lifecycle-process:2.2.0] AndroidManifest.xml:26:13-79
46            android:authorities="com.lynx.lifecycle-process"
46-->[androidx.lifecycle:lifecycle-process:2.2.0] AndroidManifest.xml:27:13-69
47            android:exported="false"
47-->[androidx.lifecycle:lifecycle-process:2.2.0] AndroidManifest.xml:28:13-37
48            android:multiprocess="true" />
48-->[androidx.lifecycle:lifecycle-process:2.2.0] AndroidManifest.xml:29:13-40
49    </application>
50
51</manifest>